<?xml version="1.0" encoding="UTF-8" ?>
<testsuite tests="1" failures="1" name="com.mycompany.personaltechweb.AlunoTest" time="105.257" errors="0" skipped="0">
  <properties>
[...]
</properties>
  <testcase classname="com.mycompany.personaltechweb.AlunoTest" name="getAlunosPorTipoDeExercicio" time="0.622">
    <failure message="expected:&lt;6&gt; but was:&lt;1&gt;" type="java.lang.AssertionError">java.lang.AssertionError: expected:&lt;6&gt; but was:&lt;1&gt;
	at org.junit.Assert.fail(Assert.java:88)
	at org.junit.Assert.failNotEquals(Assert.java:743)
	at org.junit.Assert.assertEquals(Assert.java:118)
	at org.junit.Assert.assertEquals(Assert.java:555)
	at org.junit.Assert.assertEquals(Assert.java:542)
	at com.mycompany.personaltechweb.AlunoTest.getAlunosPorTipoDeExercicio(AlunoTest.java:67)
	at sun.reflect.NativeMethodAccessorImpl.invoke0(Native Method)
	at sun.reflect.NativeMethodAccessorImpl.invoke(NativeMethodAccessorImpl.java:62)
	at sun.reflect.DelegatingMethodAccessorImpl.invoke(DelegatingMethodAccessorImpl.java:43)
	at java.lang.reflect.Method.invoke(Method.java:498)
	at org.junit.runners.model.FrameworkMethod$1.runReflectiveCall(FrameworkMethod.java:47)
	at org.junit.internal.runners.model.ReflectiveCallable.run(ReflectiveCallable.java:12)
	at org.junit.runners.model.FrameworkMethod.invokeExplosively(FrameworkMethod.java:44)
	at org.junit.internal.runners.statements.InvokeMethod.evaluate(InvokeMethod.java:17)
	at org.junit.internal.runners.statements.RunBefores.evaluate(RunBefores.java:26)
	at org.junit.internal.runners.statements.RunAfters.evaluate(RunAfters.java:27)
	at org.junit.runners.ParentRunner.runLeaf(ParentRunner.java:271)
	at org.junit.runners.BlockJUnit4ClassRunner.runChild(BlockJUnit4ClassRunner.java:70)
	at org.junit.runners.BlockJUnit4ClassRunner.runChild(BlockJUnit4ClassRunner.java:50)
	at org.junit.runners.ParentRunner$3.run(ParentRunner.java:238)
	at org.junit.runners.ParentRunner$1.schedule(ParentRunner.java:63)
	at org.junit.runners.ParentRunner.runChildren(ParentRunner.java:236)
	at org.junit.runners.ParentRunner.access$000(ParentRunner.java:53)
	at org.junit.runners.ParentRunner$2.evaluate(ParentRunner.java:229)
	at org.junit.internal.runners.statements.RunBefores.evaluate(RunBefores.java:26)
	at org.junit.internal.runners.statements.RunAfters.evaluate(RunAfters.java:27)
	at org.junit.runners.ParentRunner.run(ParentRunner.java:309)
	at org.apache.maven.surefire.junit4.JUnit4TestSet.execute(JUnit4TestSet.java:45)
	at org.apache.maven.surefire.junit4.JUnit4Provider.executeTestSet(JUnit4Provider.java:123)
	at org.apache.maven.surefire.junit4.JUnit4Provider.invoke(JUnit4Provider.java:104)
	at sun.reflect.NativeMethodAccessorImpl.invoke0(Native Method)
	at sun.reflect.NativeMethodAccessorImpl.invoke(NativeMethodAccessorImpl.java:62)
	at sun.reflect.DelegatingMethodAccessorImpl.invoke(DelegatingMethodAccessorImpl.java:43)
	at java.lang.reflect.Method.invoke(Method.java:498)
	at org.apache.maven.surefire.util.ReflectionUtils.invokeMethodWithArray(ReflectionUtils.java:164)
	at org.apache.maven.surefire.booter.ProviderFactory$ProviderProxy.invoke(ProviderFactory.java:110)
	at org.apache.maven.surefire.booter.SurefireStarter.invokeProvider(SurefireStarter.java:175)
	at org.apache.maven.surefire.booter.SurefireStarter.runSuitesInProcessWhenForked(SurefireStarter.java:107)
	at org.apache.maven.surefire.booter.ForkedBooter.main(ForkedBooter.java:68)
</failure>
    <system-out>JdbcRuntimeExtension,  getAllSystemRAResourcesAndPools = [GlassFishConfigBean.org.glassfish.jdbc.config.JdbcResource, GlassFishConfigBean.org.glassfish.jdbc.config.JdbcResource, GlassFishConfigBean.org.glassfish.jdbc.config.JdbcConnectionPool, GlassFishConfigBean.org.glassfish.jdbc.config.JdbcConnectionPool, GlassFishConfigBean.org.glassfish.jdbc.config.JdbcConnectionPool, GlassFishConfigBean.org.glassfish.jdbc.config.JdbcResource, GlassFishConfigBean.org.glassfish.jdbc.config.JdbcConnectionPool, GlassFishConfigBean.org.glassfish.jdbc.config.JdbcResource, GlassFishConfigBean.org.glassfish.jdbc.config.JdbcConnectionPool, GlassFishConfigBean.org.glassfish.jdbc.config.JdbcResource]
[EL Info]: server: 2018-06-15 16:06:29.327--Detected server platform: org.eclipse.persistence.platform.server.NoServerPlatform.
</system-out>
    <system-err>jun 15, 2018 4:05:42 PM org.glassfish.ejb.embedded.EJBContainerProviderImpl createContainer
INFO: [EJBContainerProviderImpl] Using installation location /home/glassfish-4.1.1/glassfish4/glassfish
jun 15, 2018 4:05:42 PM org.glassfish.ejb.embedded.EJBContainerProviderImpl createContainer
INFO: [EJBContainerProviderImpl] Using config file location: file:/tmp/domain5191745066655684660xml
jun 15, 2018 4:05:42 PM org.glassfish.ejb.embedded.EJBContainerProviderImpl createContainer
INFO: [EJBContainerProviderImpl] Using runtime class: class com.sun.enterprise.glassfish.bootstrap.StaticGlassFishRuntime
jun 15, 2018 4:05:45 PM org.hibernate.validator.internal.util.Version &lt;clinit&gt;
INFO: HV000001: Hibernate Validator 5.1.2.Final
jun 15, 2018 4:05:46 PM org.glassfish.security.services.impl.authorization.AuthorizationServiceImpl initialize
INFO: Authorization Service has successfully initialized.
jun 15, 2018 4:05:46 PM com.sun.enterprise.security.auth.realm.Realm doInstantiate
INFO: Realm [admin-realm] of classtype [com.sun.enterprise.security.auth.realm.file.FileRealm] successfully created.
jun 15, 2018 4:05:46 PM com.sun.enterprise.security.auth.realm.Realm doInstantiate
INFO: Realm [file] of classtype [com.sun.enterprise.security.auth.realm.file.FileRealm] successfully created.
jun 15, 2018 4:05:46 PM com.sun.enterprise.security.auth.realm.Realm doInstantiate
INFO: Realm [certificate] of classtype [com.sun.enterprise.security.auth.realm.certificate.CertificateRealm] successfully created.
jun 15, 2018 4:05:46 PM org.glassfish.ha.store.spi.BackingStoreFactoryRegistry register
INFO: Registered org.glassfish.ha.store.adapter.cache.ShoalBackingStoreProxy for persistence-type = replicated in BackingStoreFactoryRegistry
jun 15, 2018 4:05:46 PM com.sun.enterprise.v3.server.AppServerStartup postStartupJob
INFO: GlassFish Server Open Source Edition  4.1.1  (1) startup time : Embedded (2.246ms), startup services(1.888ms), total(4.134ms)
jun 15, 2018 4:05:46 PM com.sun.jts.CosTransactions.DefaultTransactionService setServerName
INFO: JTS5014: Recoverable JTS instance, serverId = [100]
jun 15, 2018 4:05:47 PM org.glassfish.admin.mbeanserver.JMXStartupService$JMXConnectorsStarterThread run
INFO: JMXStartupService has disabled JMXConnector system
jun 15, 2018 4:05:47 PM org.glassfish.admin.mbeanserver.JMXStartupService shutdown
INFO: JMXStartupService and JMXConnectors have been shut down.
jun 15, 2018 4:05:48 PM com.sun.enterprise.v3.server.AppServerStartup stop
INFO: Shutdown procedure finished
jun 15, 2018 4:05:48 PM org.glassfish.ha.store.spi.BackingStoreFactoryRegistry register
INFO: Registered org.glassfish.ha.store.adapter.cache.ShoalBackingStoreProxy for persistence-type = replicated in BackingStoreFactoryRegistry
jun 15, 2018 4:05:48 PM com.sun.enterprise.v3.server.AppServerStartup postStartupJob
INFO: GlassFish Server Open Source Edition  4.1.1  (1) startup time : Embedded (5.499ms), startup services(35ms), total(5.534ms)
jun 15, 2018 4:05:48 PM org.glassfish.admin.mbeanserver.JMXStartupService$JMXConnectorsStarterThread run
INFO: JMXStartupService has disabled JMXConnector system
jun 15, 2018 4:05:48 PM org.glassfish.ejb.embedded.EJBContainerProviderImpl skipJar
INFO: ... skipping entry with a Manifest file with a special attribute: glassfish-embedded-static-shell.jar
jun 15, 2018 4:05:48 PM org.glassfish.ejb.embedded.EJBContainerProviderImpl skipJar
INFO: ... skipping entry with a Manifest file with a special attribute: org.eclipse.persistence.jpa.modelgen.processor-2.5.2.jar
jun 15, 2018 4:05:48 PM org.glassfish.ejb.embedded.EJBContainerProviderImpl skipJar
INFO: ... skipping entry with a Manifest file with a special attribute: org.eclipse.persistence.core-2.5.2.jar
jun 15, 2018 4:05:48 PM org.glassfish.ejb.embedded.EJBContainerProviderImpl skipJar
INFO: ... skipping entry with a Manifest file with a special attribute: org.eclipse.persistence.asm-2.5.2.jar
jun 15, 2018 4:05:48 PM org.glassfish.ejb.embedded.EJBContainerProviderImpl skipJar
INFO: ... skipping entry with a Manifest file with a special attribute: org.eclipse.persistence.jpa-2.5.2.jar
jun 15, 2018 4:05:48 PM org.glassfish.ejb.embedded.EJBContainerProviderImpl skipJar
INFO: ... skipping entry with a Manifest file with a special attribute: org.eclipse.persistence.antlr-2.5.2.jar
jun 15, 2018 4:05:48 PM org.glassfish.ejb.embedded.EJBContainerProviderImpl skipJar
INFO: ... skipping entry with a Manifest file with a special attribute: org.eclipse.persistence.jpa.jpql-2.5.2.jar
jun 15, 2018 4:05:49 PM org.glassfish.ejb.embedded.DeploymentElement getOrCreateApplication
INFO: [DeploymentElement] adding EJB module to ScatteredArchive classes
jun 15, 2018 4:05:49 PM org.glassfish.ejb.embedded.DeploymentElement getOrCreateApplication
INFO: [DeploymentElement] adding library to ScatteredArchive classmate-1.3.1.jar
jun 15, 2018 4:05:49 PM org.glassfish.ejb.embedded.DeploymentElement getOrCreateApplication
INFO: [DeploymentElement] adding library to ScatteredArchive hamcrest-core-1.3.jar
jun 15, 2018 4:05:49 PM org.glassfish.ejb.embedded.DeploymentElement getOrCreateApplication
INFO: [DeploymentElement] adding library to ScatteredArchive commons-collections-3.2.2.jar
jun 15, 2018 4:05:49 PM org.glassfish.ejb.embedded.DeploymentElement getOrCreateApplication
INFO: [DeploymentElement] adding library to ScatteredArchive poi-ooxml-3.14.jar
jun 15, 2018 4:05:49 PM org.glassfish.ejb.embedded.DeploymentElement getOrCreateApplication
INFO: [DeploymentElement] adding library to ScatteredArchive hibernate-validator-5.4.2.Final.jar
jun 15, 2018 4:05:49 PM org.glassfish.ejb.embedded.DeploymentElement getOrCreateApplication
INFO: [DeploymentElement] adding library to ScatteredArchive validation-api-1.1.0.Final.jar
jun 15, 2018 4:05:49 PM org.glassfish.ejb.embedded.DeploymentElement getOrCreateApplication
INFO: [DeploymentElement] adding library to ScatteredArchive mysql-connector-java-5.1.34.jar
jun 15, 2018 4:05:49 PM org.glassfish.ejb.embedded.DeploymentElement getOrCreateApplication
INFO: [DeploymentElement] adding library to ScatteredArchive xmlbeans-2.6.0.jar
jun 15, 2018 4:05:49 PM org.glassfish.ejb.embedded.DeploymentElement getOrCreateApplication
INFO: [DeploymentElement] adding library to ScatteredArchive poi-ooxml-schemas-3.14.jar
jun 15, 2018 4:05:49 PM org.glassfish.ejb.embedded.DeploymentElement getOrCreateApplication
INFO: [DeploymentElement] adding library to ScatteredArchive junit-4.11.jar
jun 15, 2018 4:05:49 PM org.glassfish.ejb.embedded.DeploymentElement getOrCreateApplication
INFO: [DeploymentElement] adding library to ScatteredArchive jboss-logging-3.3.0.Final.jar
jun 15, 2018 4:05:49 PM org.glassfish.ejb.embedded.DeploymentElement getOrCreateApplication
INFO: [DeploymentElement] adding library to ScatteredArchive commons-codec-1.10.jar
jun 15, 2018 4:05:49 PM org.glassfish.ejb.embedded.DeploymentElement getOrCreateApplication
INFO: [DeploymentElement] adding library to ScatteredArchive stax-api-1.0.1.jar
jun 15, 2018 4:05:49 PM org.glassfish.ejb.embedded.DeploymentElement getOrCreateApplication
INFO: [DeploymentElement] adding library to ScatteredArchive test-classes
jun 15, 2018 4:05:49 PM org.glassfish.ejb.embedded.DeploymentElement getOrCreateApplication
INFO: [DeploymentElement] adding library to ScatteredArchive slf4j-api-1.7.21.jar
jun 15, 2018 4:05:49 PM org.glassfish.ejb.embedded.DeploymentElement getOrCreateApplication
INFO: [DeploymentElement] adding library to ScatteredArchive curvesapi-1.03.jar
jun 15, 2018 4:05:49 PM org.glassfish.ejb.embedded.DeploymentElement getOrCreateApplication
INFO: [DeploymentElement] adding library to ScatteredArchive commonj.sdo-2.1.1.jar
jun 15, 2018 4:05:49 PM org.glassfish.ejb.embedded.DeploymentElement getOrCreateApplication
INFO: [DeploymentElement] adding library to ScatteredArchive javaee-web-api-7.0.jar
jun 15, 2018 4:05:49 PM org.glassfish.ejb.embedded.DeploymentElement getOrCreateApplication
INFO: [DeploymentElement] adding library to ScatteredArchive dbunit-2.5.3.jar
jun 15, 2018 4:05:49 PM org.glassfish.ejb.embedded.DeploymentElement getOrCreateApplication
INFO: [DeploymentElement] adding library to ScatteredArchive eclipselink-2.5.2.jar
jun 15, 2018 4:05:49 PM org.glassfish.ejb.embedded.DeploymentElement getOrCreateApplication
INFO: [DeploymentElement] adding library to ScatteredArchive javax.persistence-2.1.0.jar
jun 15, 2018 4:05:49 PM org.glassfish.ejb.embedded.DeploymentElement getOrCreateApplication
INFO: [DeploymentElement] adding library to ScatteredArchive poi-3.14.jar
jun 15, 2018 4:05:49 PM org.glassfish.ejb.embedded.EJBContainerImpl deploy
INFO: [EJBContainerImpl] Deploying app: org.glassfish.embeddable.archive.ScatteredArchive@c6b08a5
jun 15, 2018 4:05:49 PM org.glassfish.ejb.embedded.EJBContainerImpl deploy
INFO: [EJBContainerImpl] GlassFish status: STARTED
jun 15, 2018 4:05:49 PM org.glassfish.ejb.embedded.EJBContainerImpl deploy
INFO: [EJBContainerImpl] Deploying as a ScatteredArchive
jun 15, 2018 4:06:27 PM com.sun.enterprise.security.SecurityLifecycle &lt;init&gt;
INFO: Java security manager is disabled.
jun 15, 2018 4:06:27 PM com.sun.enterprise.security.SecurityLifecycle onInitialization
INFO: Entering Security Startup Service.
jun 15, 2018 4:06:27 PM com.sun.enterprise.security.PolicyLoader loadPolicy
INFO: Loading policy provider com.sun.enterprise.security.provider.PolicyWrapper.
jun 15, 2018 4:06:27 PM com.sun.enterprise.security.SecurityLifecycle onInitialization
INFO: Security Service(s) started successfully.
jun 15, 2018 4:06:47 PM org.eclipse.persistence.default
INFO: Detected server platform: org.eclipse.persistence.platform.server.NoServerPlatform.
jun 15, 2018 4:06:47 PM org.eclipse.persistence.session./file:/tmp/gfembed5309723686031729017tmp/applications/classes/_PersonalTechWebPU
INFO: EclipseLink, version: Eclipse Persistence Services - 2.6.1.v20150605-31e8258
jun 15, 2018 4:06:48 PM org.eclipse.persistence.session./file:/tmp/gfembed5309723686031729017tmp/applications/classes/_PersonalTechWebPU.metadata
WARNING: Reverting the lazy setting on the OneToOne or ManyToOne attribute [aluno] for the entity class [class com.mycompany.personaltechweb.entities.Avaliacao] since weaving was not enabled or did not occur.
jun 15, 2018 4:06:48 PM org.eclipse.persistence.session./file:/tmp/gfembed5309723686031729017tmp/applications/classes/_PersonalTechWebPU.metadata
WARNING: Reverting the lazy setting on the OneToOne or ManyToOne attribute [pergunta] for the entity class [class com.mycompany.personaltechweb.entities.RespostasAvaliacao] since weaving was not enabled or did not occur.
jun 15, 2018 4:06:48 PM org.eclipse.persistence.session./file:/tmp/gfembed5309723686031729017tmp/applications/classes/_PersonalTechWebPU.metadata
WARNING: Reverting the lazy setting on the OneToOne or ManyToOne attribute [avaliacao] for the entity class [class com.mycompany.personaltechweb.entities.RespostasAvaliacao] since weaving was not enabled or did not occur.
jun 15, 2018 4:06:48 PM org.eclipse.persistence.session./file:/tmp/gfembed5309723686031729017tmp/applications/classes/_PersonalTechWebPU.connection
INFO: /file:/tmp/gfembed5309723686031729017tmp/applications/classes/_PersonalTechWebPU login successful
jun 15, 2018 4:06:48 PM org.eclipse.persistence.session./file:/tmp/gfembed5309723686031729017tmp/applications/classes/_PersonalTechWebPU.server
WARNING: Failed to find MBean Server: null or empty List returned from MBeanServerFactory.findMBeanServer(null)
jun 15, 2018 4:07:07 PM com.sun.ejb.containers.BaseContainer initializeHome
INFO: Portable JNDI names for EJB ejb/AlunoServico: [java:global/classes/ejb/AlunoServico, java:global/classes/ejb/AlunoServico!com.mycompany.personaltechweb.services.AlunoServico]
jun 15, 2018 4:07:07 PM com.sun.ejb.containers.BaseContainer initializeHome
INFO: Portable JNDI names for EJB ejb/AvaliacaoServico: [java:global/classes/ejb/AvaliacaoServico!com.mycompany.personaltechweb.services.AvaliacaoServico, java:global/classes/ejb/AvaliacaoServico]
jun 15, 2018 4:07:07 PM com.sun.ejb.containers.BaseContainer initializeHome
INFO: Portable JNDI names for EJB ejb/PersonalTrainerServico: [java:global/classes/ejb/PersonalTrainerServico!com.mycompany.personaltechweb.services.PersonalTrainerServico, java:global/classes/ejb/PersonalTrainerServico]
jun 15, 2018 4:07:08 PM org.jboss.weld.bootstrap.WeldStartup &lt;clinit&gt;
INFO: WELD-000900: 2.2.13 (Final)
jun 15, 2018 4:07:13 PM org.jboss.weld.event.ExtensionObserverMethodImpl checkRequiredTypeAnnotations
WARN: WELD-000411: Observer method [BackedAnnotatedMethod] public org.glassfish.jms.injection.JMSCDIExtension.processAnnotatedType(@Observes ProcessAnnotatedType&lt;Object&gt;) receives events for all annotated types. Consider restricting events using @WithAnnotations or a generic type with bounds.
jun 15, 2018 4:07:14 PM org.jboss.weld.event.ExtensionObserverMethodImpl checkRequiredTypeAnnotations
WARN: WELD-000411: Observer method [BackedAnnotatedMethod] org.glassfish.sse.impl.ServerSentEventCdiExtension.processAnnotatedType(@Observes ProcessAnnotatedType&lt;Object&gt;, BeanManager) receives events for all annotated types. Consider restricting events using @WithAnnotations or a generic type with bounds.
jun 15, 2018 4:07:14 PM org.jboss.weld.event.ExtensionObserverMethodImpl checkRequiredTypeAnnotations
WARN: WELD-000411: Observer method [BackedAnnotatedMethod] private org.glassfish.jersey.ext.cdi1x.internal.CdiComponentProvider.processAnnotatedType(@Observes ProcessAnnotatedType&lt;Object&gt;) receives events for all annotated types. Consider restricting events using @WithAnnotations or a generic type with bounds.
jun 15, 2018 4:07:14 PM org.jboss.weld.event.ExtensionObserverMethodImpl checkRequiredTypeAnnotations
WARN: WELD-000411: Observer method [BackedAnnotatedMethod] public org.glassfish.jms.injection.JMSCDIExtension.processAnnotatedType(@Observes ProcessAnnotatedType&lt;Object&gt;) receives events for all annotated types. Consider restricting events using @WithAnnotations or a generic type with bounds.
jun 15, 2018 4:07:14 PM org.jboss.weld.event.ExtensionObserverMethodImpl checkRequiredTypeAnnotations
WARN: WELD-000411: Observer method [BackedAnnotatedMethod] org.glassfish.sse.impl.ServerSentEventCdiExtension.processAnnotatedType(@Observes ProcessAnnotatedType&lt;Object&gt;, BeanManager) receives events for all annotated types. Consider restricting events using @WithAnnotations or a generic type with bounds.
jun 15, 2018 4:07:14 PM org.jboss.weld.event.ExtensionObserverMethodImpl checkRequiredTypeAnnotations
WARN: WELD-000411: Observer method [BackedAnnotatedMethod] private org.glassfish.jersey.ext.cdi1x.internal.CdiComponentProvider.processAnnotatedType(@Observes ProcessAnnotatedType&lt;Object&gt;) receives events for all annotated types. Consider restricting events using @WithAnnotations or a generic type with bounds.
jun 15, 2018 4:07:16 PM org.glassfish.deployment.admin.DeployCommand execute
INFO: classes was successfully deployed in 74.937 milliseconds.
SLF4J: Failed to load class &quot;org.slf4j.impl.StaticLoggerBinder&quot;.
SLF4J: Defaulting to no-operation (NOP) logger implementation
SLF4J: See http://www.slf4j.org/codes.html#StaticLoggerBinder for further details.
</system-err>
  </testcase>
</testsuite>